[06-Apr-2016 09:23:16 UTC] PHP Warning:  require(library/html2pdf/html2fpdf.php): failed to open stream: No such file or directory in /home/ubuntu/workspace/php/getPdf.php on line 2
[06-Apr-2016 09:23:16 UTC] PHP Stack trace:
[06-Apr-2016 09:23:16 UTC] PHP   1. {main}() /home/ubuntu/workspace/php/getPdf.php:0
[06-Apr-2016 09:23:16 UTC] PHP Fatal error:  require(): Failed opening required 'library/html2pdf/html2fpdf.php' (include_path='.:/usr/share/php:/usr/share/pear') in /home/ubuntu/workspace/php/getPdf.php on line 2
[06-Apr-2016 09:23:16 UTC] PHP Stack trace:
[06-Apr-2016 09:23:16 UTC] PHP   1. {main}() /home/ubuntu/workspace/php/getPdf.php:0
[06-Apr-2016 09:23:36 UTC] PHP Warning:  require(library/html2pdf/html2fpdf.php): failed to open stream: No such file or directory in /home/ubuntu/workspace/php/getPdf.php on line 2
[06-Apr-2016 09:23:36 UTC] PHP Stack trace:
[06-Apr-2016 09:23:36 UTC] PHP   1. {main}() /home/ubuntu/workspace/php/getPdf.php:0
[06-Apr-2016 09:23:36 UTC] PHP Fatal error:  require(): Failed opening required 'library/html2pdf/html2fpdf.php' (include_path='.:/usr/share/php:/usr/share/pear') in /home/ubuntu/workspace/php/getPdf.php on line 2
[06-Apr-2016 09:23:36 UTC] PHP Stack trace:
[06-Apr-2016 09:23:36 UTC] PHP   1. {main}() /home/ubuntu/workspace/php/getPdf.php:0
[06-Apr-2016 09:23:36 UTC] PHP Warning:  require(library/html2pdf/html2fpdf.php): failed to open stream: No such file or directory in /home/ubuntu/workspace/php/getPdf.php on line 2
[06-Apr-2016 09:23:36 UTC] PHP Stack trace:
[06-Apr-2016 09:23:36 UTC] PHP   1. {main}() /home/ubuntu/workspace/php/getPdf.php:0
[06-Apr-2016 09:23:36 UTC] PHP Fatal error:  require(): Failed opening required 'library/html2pdf/html2fpdf.php' (include_path='.:/usr/share/php:/usr/share/pear') in /home/ubuntu/workspace/php/getPdf.php on line 2
[06-Apr-2016 09:23:36 UTC] PHP Stack trace:
[06-Apr-2016 09:23:36 UTC] PHP   1. {main}() /home/ubuntu/workspace/php/getPdf.php:0
[06-Apr-2016 09:24:24 UTC] PHP Warning:  require(library/html2pdf/html2fpdf.php): failed to open stream: No such file or directory in /home/ubuntu/workspace/php/getPdf.php on line 2
[06-Apr-2016 09:24:24 UTC] PHP Stack trace:
[06-Apr-2016 09:24:24 UTC] PHP   1. {main}() /home/ubuntu/workspace/php/getPdf.php:0
[06-Apr-2016 09:24:24 UTC] PHP Fatal error:  require(): Failed opening required 'library/html2pdf/html2fpdf.php' (include_path='.:/usr/share/php:/usr/share/pear') in /home/ubuntu/workspace/php/getPdf.php on line 2
[06-Apr-2016 09:24:24 UTC] PHP Stack trace:
[06-Apr-2016 09:24:24 UTC] PHP   1. {main}() /home/ubuntu/workspace/php/getPdf.php:0
[06-Apr-2016 09:52:13 UTC] PHP Parse error:  syntax error, unexpected 'en' (T_STRING) in /home/ubuntu/workspace/php/getPdf.php on line 5
[06-Apr-2016 10:38:54 UTC] PHP Warning:  Cannot modify header information - headers already sent by (output started at /home/ubuntu/workspace/view/generate.php:100) in /home/ubuntu/workspace/view/generate.php on line 102
[06-Apr-2016 10:38:54 UTC] PHP Stack trace:
[06-Apr-2016 10:38:54 UTC] PHP   1. {main}() /home/ubuntu/workspace/view/generate.php:0
[06-Apr-2016 10:38:54 UTC] PHP   2. header() /home/ubuntu/workspace/view/generate.php:102
[06-Apr-2016 10:38:54 UTC] PHP Warning:  Cannot modify header information - headers already sent by (output started at /home/ubuntu/workspace/view/generate.php:100) in /home/ubuntu/workspace/view/generate.php on line 103
[06-Apr-2016 10:38:54 UTC] PHP Stack trace:
[06-Apr-2016 10:38:54 UTC] PHP   1. {main}() /home/ubuntu/workspace/view/generate.php:0
[06-Apr-2016 10:38:54 UTC] PHP   2. header() /home/ubuntu/workspace/view/generate.php:103
[06-Apr-2016 10:39:02 UTC] PHP Warning:  Cannot modify header information - headers already sent by (output started at /home/ubuntu/workspace/view/generate.php:100) in /home/ubuntu/workspace/view/generate.php on line 102
[06-Apr-2016 10:39:02 UTC] PHP Stack trace:
[06-Apr-2016 10:39:02 UTC] PHP   1. {main}() /home/ubuntu/workspace/view/generate.php:0
[06-Apr-2016 10:39:02 UTC] PHP   2. header() /home/ubuntu/workspace/view/generate.php:102
[06-Apr-2016 10:39:02 UTC] PHP Warning:  Cannot modify header information - headers already sent by (output started at /home/ubuntu/workspace/view/generate.php:100) in /home/ubuntu/workspace/view/generate.php on line 103
[06-Apr-2016 10:39:02 UTC] PHP Stack trace:
[06-Apr-2016 10:39:02 UTC] PHP   1. {main}() /home/ubuntu/workspace/view/generate.php:0
[06-Apr-2016 10:39:02 UTC] PHP   2. header() /home/ubuntu/workspace/view/generate.php:103
[07-Apr-2016 09:06:34 UTC] PHP Warning:  file_get_contents(): Filename cannot be empty in /home/ubuntu/workspace/php/getPdf.php on line 5
[07-Apr-2016 09:06:34 UTC] PHP Stack trace:
[07-Apr-2016 09:06:34 UTC] PHP   1. {main}() /home/ubuntu/workspace/php/getPdf.php:0
[07-Apr-2016 09:06:34 UTC] PHP   2. file_get_contents() /home/ubuntu/workspace/php/getPdf.php:5
[07-Apr-2016 09:09:28 UTC] PHP Warning:  file_get_contents(): Filename cannot be empty in /home/ubuntu/workspace/php/getPdf.php on line 5
[07-Apr-2016 09:09:28 UTC] PHP Stack trace:
[07-Apr-2016 09:09:28 UTC] PHP   1. {main}() /home/ubuntu/workspace/php/getPdf.php:0
[07-Apr-2016 09:09:28 UTC] PHP   2. file_get_contents() /home/ubuntu/workspace/php/getPdf.php:5
[07-Apr-2016 09:09:50 UTC] PHP Warning:  file_get_contents(): Filename cannot be empty in /home/ubuntu/workspace/php/getPdf.php on line 5
[07-Apr-2016 09:09:50 UTC] PHP Stack trace:
[07-Apr-2016 09:09:50 UTC] PHP   1. {main}() /home/ubuntu/workspace/php/getPdf.php:0
[07-Apr-2016 09:09:50 UTC] PHP   2. file_get_contents() /home/ubuntu/workspace/php/getPdf.php:5
[07-Apr-2016 09:12:07 UTC] PHP Warning:  file_get_contents(): Filename cannot be empty in /home/ubuntu/workspace/php/getPdf.php on line 5
[07-Apr-2016 09:12:07 UTC] PHP Stack trace:
[07-Apr-2016 09:12:07 UTC] PHP   1. {main}() /home/ubuntu/workspace/php/getPdf.php:0
[07-Apr-2016 09:12:07 UTC] PHP   2. file_get_contents() /home/ubuntu/workspace/php/getPdf.php:5
[07-Apr-2016 09:30:06 UTC] PHP Warning:  file_get_contents(): Filename cannot be empty in /home/ubuntu/workspace/php/getPdf.php on line 5
[07-Apr-2016 09:30:06 UTC] PHP Stack trace:
[07-Apr-2016 09:30:06 UTC] PHP   1. {main}() /home/ubuntu/workspace/php/getPdf.php:0
[07-Apr-2016 09:30:06 UTC] PHP   2. file_get_contents() /home/ubuntu/workspace/php/getPdf.php:5
[07-Apr-2016 10:04:58 UTC] PHP Warning:  preg_match_all() expects parameter 2 to be string, array given in /home/ubuntu/workspace/php/library/html2pdf/html2fpdf.php on line 2144
[07-Apr-2016 10:04:58 UTC] PHP Stack trace:
[07-Apr-2016 10:04:58 UTC] PHP   1. {main}() /home/ubuntu/workspace/php/getPdf.php:0
[07-Apr-2016 10:04:58 UTC] PHP   2. HTML2FPDF->WriteHTML() /home/ubuntu/workspace/php/getPdf.php:9
[07-Apr-2016 10:04:58 UTC] PHP   3. HTML2FPDF->ReadMetaTags() /home/ubuntu/workspace/php/library/html2pdf/html2fpdf.php:341
[07-Apr-2016 10:04:58 UTC] PHP   4. preg_match_all() /home/ubuntu/workspace/php/library/html2pdf/html2fpdf.php:2144
[07-Apr-2016 10:04:58 UTC] PHP Warning:  preg_match_all() expects parameter 2 to be string, array given in /home/ubuntu/workspace/php/library/html2pdf/htmltoolkit.php on line 116
[07-Apr-2016 10:04:58 UTC] PHP Stack trace:
[07-Apr-2016 10:04:58 UTC] PHP   1. {main}() /home/ubuntu/workspace/php/getPdf.php:0
[07-Apr-2016 10:04:58 UTC] PHP   2. HTML2FPDF->WriteHTML() /home/ubuntu/workspace/php/getPdf.php:9
[07-Apr-2016 10:04:58 UTC] PHP   3. AdjustHTML() /home/ubuntu/workspace/php/library/html2pdf/html2fpdf.php:342
[07-Apr-2016 10:04:58 UTC] PHP   4. preg_match_all() /home/ubuntu/workspace/php/library/html2pdf/htmltoolkit.php:116
[07-Apr-2016 10:04:58 UTC] PHP Warning:  preg_match_all() expects parameter 2 to be string, array given in /home/ubuntu/workspace/php/library/html2pdf/htmltoolkit.php on line 119
[07-Apr-2016 10:04:58 UTC] PHP Stack trace:
[07-Apr-2016 10:04:58 UTC] PHP   1. {main}() /home/ubuntu/workspace/php/getPdf.php:0
[07-Apr-2016 10:04:58 UTC] PHP   2. HTML2FPDF->WriteHTML() /home/ubuntu/workspace/php/getPdf.php:9
[07-Apr-2016 10:04:58 UTC] PHP   3. AdjustHTML() /home/ubuntu/workspace/php/library/html2pdf/html2fpdf.php:342
[07-Apr-2016 10:04:58 UTC] PHP   4. preg_match_all() /home/ubuntu/workspace/php/library/html2pdf/htmltoolkit.php:119
[07-Apr-2016 10:04:58 UTC] PHP Warning:  preg_match_all() expects parameter 2 to be string, array given in /home/ubuntu/workspace/php/library/html2pdf/html2fpdf.php on line 2183
[07-Apr-2016 10:04:58 UTC] PHP Stack trace:
[07-Apr-2016 10:04:58 UTC] PHP   1. {main}() /home/ubuntu/workspace/php/getPdf.php:0
[07-Apr-2016 10:04:58 UTC] PHP   2. HTML2FPDF->WriteHTML() /home/ubuntu/workspace/php/getPdf.php:9
[07-Apr-2016 10:04:58 UTC] PHP   3. HTML2FPDF->ReadCSS() /home/ubuntu/workspace/php/library/html2pdf/html2fpdf.php:343
[07-Apr-2016 10:04:58 UTC] PHP   4. preg_match_all() /home/ubuntu/workspace/php/library/html2pdf/html2fpdf.php:2183
[07-Apr-2016 10:04:58 UTC] PHP Warning:  preg_match() expects parameter 2 to be string, array given in /home/ubuntu/workspace/php/library/html2pdf/html2fpdf.php on line 2244
[07-Apr-2016 10:04:58 UTC] PHP Stack trace:
[07-Apr-2016 10:04:58 UTC] PHP   1. {main}() /home/ubuntu/workspace/php/getPdf.php:0
[07-Apr-2016 10:04:58 UTC] PHP   2. HTML2FPDF->WriteHTML() /home/ubuntu/workspace/php/getPdf.php:9
[07-Apr-2016 10:04:58 UTC] PHP   3. HTML2FPDF->ReadCSS() /home/ubuntu/workspace/php/library/html2pdf/html2fpdf.php:343
[07-Apr-2016 10:04:58 UTC] PHP   4. preg_match() /home/ubuntu/workspace/php/library/html2pdf/html2fpdf.php:2244
[07-Apr-2016 10:04:58 UTC] PHP Warning:  strip_tags() expects parameter 1 to be string, array given in /home/ubuntu/workspace/php/library/html2pdf/html2fpdf.php on line 346
[07-Apr-2016 10:04:58 UTC] PHP Stack trace:
[07-Apr-2016 10:04:58 UTC] PHP   1. {main}() /home/ubuntu/workspace/php/getPdf.php:0
[07-Apr-2016 10:04:58 UTC] PHP   2. HTML2FPDF->WriteHTML() /home/ubuntu/workspace/php/getPdf.php:9
[07-Apr-2016 10:04:58 UTC] PHP   3. strip_tags() /home/ubuntu/workspace/php/library/html2pdf/html2fpdf.php:346
[07-Apr-2016 10:10:27 UTC] PHP Warning:  implode(): Invalid arguments passed in /home/ubuntu/workspace/php/getPdf.php on line 3
[07-Apr-2016 10:10:27 UTC] PHP Stack trace:
[07-Apr-2016 10:10:27 UTC] PHP   1. {main}() /home/ubuntu/workspace/php/getPdf.php:0
[07-Apr-2016 10:10:27 UTC] PHP   2. implode() /home/ubuntu/workspace/php/getPdf.php:3
[07-Apr-2016 10:12:45 UTC] PHP Warning:  json_decode() expects parameter 1 to be string, array given in /home/ubuntu/workspace/php/getPdf.php on line 3
[07-Apr-2016 10:12:45 UTC] PHP Stack trace:
[07-Apr-2016 10:12:45 UTC] PHP   1. {main}() /home/ubuntu/workspace/php/getPdf.php:0
[07-Apr-2016 10:12:45 UTC] PHP   2. json_decode() /home/ubuntu/workspace/php/getPdf.php:3
[07-Apr-2016 10:13:38 UTC] PHP Fatal error:  Cannot use [] for reading in /home/ubuntu/workspace/php/getPdf.php on line 3
[07-Apr-2016 10:18:44 UTC] PHP Warning:  preg_match_all() expects parameter 2 to be string, array given in /home/ubuntu/workspace/php/library/html2pdf/html2fpdf.php on line 2144
[07-Apr-2016 10:18:44 UTC] PHP Stack trace:
[07-Apr-2016 10:18:44 UTC] PHP   1. {main}() /home/ubuntu/workspace/php/getPdf.php:0
[07-Apr-2016 10:18:44 UTC] PHP   2. HTML2FPDF->WriteHTML() /home/ubuntu/workspace/php/getPdf.php:9
[07-Apr-2016 10:18:44 UTC] PHP   3. HTML2FPDF->ReadMetaTags() /home/ubuntu/workspace/php/library/html2pdf/html2fpdf.php:341
[07-Apr-2016 10:18:44 UTC] PHP   4. preg_match_all() /home/ubuntu/workspace/php/library/html2pdf/html2fpdf.php:2144
[07-Apr-2016 10:18:44 UTC] PHP Warning:  preg_match_all() expects parameter 2 to be string, array given in /home/ubuntu/workspace/php/library/html2pdf/htmltoolkit.php on line 116
[07-Apr-2016 10:18:44 UTC] PHP Stack trace:
[07-Apr-2016 10:18:44 UTC] PHP   1. {main}() /home/ubuntu/workspace/php/getPdf.php:0
[07-Apr-2016 10:18:44 UTC] PHP   2. HTML2FPDF->WriteHTML() /home/ubuntu/workspace/php/getPdf.php:9
[07-Apr-2016 10:18:44 UTC] PHP   3. AdjustHTML() /home/ubuntu/workspace/php/library/html2pdf/html2fpdf.php:342
[07-Apr-2016 10:18:44 UTC] PHP   4. preg_match_all() /home/ubuntu/workspace/php/library/html2pdf/htmltoolkit.php:116
[07-Apr-2016 10:18:44 UTC] PHP Warning:  preg_match_all() expects parameter 2 to be string, array given in /home/ubuntu/workspace/php/library/html2pdf/htmltoolkit.php on line 119
[07-Apr-2016 10:18:44 UTC] PHP Stack trace:
[07-Apr-2016 10:18:44 UTC] PHP   1. {main}() /home/ubuntu/workspace/php/getPdf.php:0
[07-Apr-2016 10:18:44 UTC] PHP   2. HTML2FPDF->WriteHTML() /home/ubuntu/workspace/php/getPdf.php:9
[07-Apr-2016 10:18:44 UTC] PHP   3. AdjustHTML() /home/ubuntu/workspace/php/library/html2pdf/html2fpdf.php:342
[07-Apr-2016 10:18:44 UTC] PHP   4. preg_match_all() /home/ubuntu/workspace/php/library/html2pdf/htmltoolkit.php:119
[07-Apr-2016 10:18:44 UTC] PHP Warning:  preg_match_all() expects parameter 2 to be string, array given in /home/ubuntu/workspace/php/library/html2pdf/html2fpdf.php on line 2183
[07-Apr-2016 10:18:44 UTC] PHP Stack trace:
[07-Apr-2016 10:18:44 UTC] PHP   1. {main}() /home/ubuntu/workspace/php/getPdf.php:0
[07-Apr-2016 10:18:44 UTC] PHP   2. HTML2FPDF->WriteHTML() /home/ubuntu/workspace/php/getPdf.php:9
[07-Apr-2016 10:18:44 UTC] PHP   3. HTML2FPDF->ReadCSS() /home/ubuntu/workspace/php/library/html2pdf/html2fpdf.php:343
[07-Apr-2016 10:18:44 UTC] PHP   4. preg_match_all() /home/ubuntu/workspace/php/library/html2pdf/html2fpdf.php:2183
[07-Apr-2016 10:18:44 UTC] PHP Warning:  preg_match() expects parameter 2 to be string, array given in /home/ubuntu/workspace/php/library/html2pdf/html2fpdf.php on line 2244
[07-Apr-2016 10:18:44 UTC] PHP Stack trace:
[07-Apr-2016 10:18:44 UTC] PHP   1. {main}() /home/ubuntu/workspace/php/getPdf.php:0
[07-Apr-2016 10:18:44 UTC] PHP   2. HTML2FPDF->WriteHTML() /home/ubuntu/workspace/php/getPdf.php:9
[07-Apr-2016 10:18:44 UTC] PHP   3. HTML2FPDF->ReadCSS() /home/ubuntu/workspace/php/library/html2pdf/html2fpdf.php:343
[07-Apr-2016 10:18:44 UTC] PHP   4. preg_match() /home/ubuntu/workspace/php/library/html2pdf/html2fpdf.php:2244
[07-Apr-2016 10:18:44 UTC] PHP Warning:  strip_tags() expects parameter 1 to be string, array given in /home/ubuntu/workspace/php/library/html2pdf/html2fpdf.php on line 346
[07-Apr-2016 10:18:44 UTC] PHP Stack trace:
[07-Apr-2016 10:18:44 UTC] PHP   1. {main}() /home/ubuntu/workspace/php/getPdf.php:0
[07-Apr-2016 10:18:44 UTC] PHP   2. HTML2FPDF->WriteHTML() /home/ubuntu/workspace/php/getPdf.php:9
[07-Apr-2016 10:18:44 UTC] PHP   3. strip_tags() /home/ubuntu/workspace/php/library/html2pdf/html2fpdf.php:346
[07-Apr-2016 10:19:15 UTC] PHP Warning:  preg_match_all() expects parameter 2 to be string, array given in /home/ubuntu/workspace/php/library/html2pdf/html2fpdf.php on line 2144
[07-Apr-2016 10:19:15 UTC] PHP Stack trace:
[07-Apr-2016 10:19:15 UTC] PHP   1. {main}() /home/ubuntu/workspace/php/getPdf.php:0
[07-Apr-2016 10:19:15 UTC] PHP   2. HTML2FPDF->WriteHTML() /home/ubuntu/workspace/php/getPdf.php:9
[07-Apr-2016 10:19:15 UTC] PHP   3. HTML2FPDF->ReadMetaTags() /home/ubuntu/workspace/php/library/html2pdf/html2fpdf.php:341
[07-Apr-2016 10:19:15 UTC] PHP   4. preg_match_all() /home/ubuntu/workspace/php/library/html2pdf/html2fpdf.php:2144
[07-Apr-2016 10:19:15 UTC] PHP Warning:  preg_match_all() expects parameter 2 to be string, array given in /home/ubuntu/workspace/php/library/html2pdf/htmltoolkit.php on line 116
[07-Apr-2016 10:19:15 UTC] PHP Stack trace:
[07-Apr-2016 10:19:15 UTC] PHP   1. {main}() /home/ubuntu/workspace/php/getPdf.php:0
[07-Apr-2016 10:19:15 UTC] PHP   2. HTML2FPDF->WriteHTML() /home/ubuntu/workspace/php/getPdf.php:9
[07-Apr-2016 10:19:15 UTC] PHP   3. AdjustHTML() /home/ubuntu/workspace/php/library/html2pdf/html2fpdf.php:342
[07-Apr-2016 10:19:15 UTC] PHP   4. preg_match_all() /home/ubuntu/workspace/php/library/html2pdf/htmltoolkit.php:116
[07-Apr-2016 10:19:15 UTC] PHP Warning:  preg_match_all() expects parameter 2 to be string, array given in /home/ubuntu/workspace/php/library/html2pdf/htmltoolkit.php on line 119
[07-Apr-2016 10:19:15 UTC] PHP Stack trace:
[07-Apr-2016 10:19:15 UTC] PHP   1. {main}() /home/ubuntu/workspace/php/getPdf.php:0
[07-Apr-2016 10:19:15 UTC] PHP   2. HTML2FPDF->WriteHTML() /home/ubuntu/workspace/php/getPdf.php:9
[07-Apr-2016 10:19:15 UTC] PHP   3. AdjustHTML() /home/ubuntu/workspace/php/library/html2pdf/html2fpdf.php:342
[07-Apr-2016 10:19:15 UTC] PHP   4. preg_match_all() /home/ubuntu/workspace/php/library/html2pdf/htmltoolkit.php:119
[07-Apr-2016 10:19:15 UTC] PHP Warning:  preg_match_all() expects parameter 2 to be string, array given in /home/ubuntu/workspace/php/library/html2pdf/html2fpdf.php on line 2183
[07-Apr-2016 10:19:15 UTC] PHP Stack trace:
[07-Apr-2016 10:19:15 UTC] PHP   1. {main}() /home/ubuntu/workspace/php/getPdf.php:0
[07-Apr-2016 10:19:15 UTC] PHP   2. HTML2FPDF->WriteHTML() /home/ubuntu/workspace/php/getPdf.php:9
[07-Apr-2016 10:19:15 UTC] PHP   3. HTML2FPDF->ReadCSS() /home/ubuntu/workspace/php/library/html2pdf/html2fpdf.php:343
[07-Apr-2016 10:19:15 UTC] PHP   4. preg_match_all() /home/ubuntu/workspace/php/library/html2pdf/html2fpdf.php:2183
[07-Apr-2016 10:19:15 UTC] PHP Warning:  preg_match() expects parameter 2 to be string, array given in /home/ubuntu/workspace/php/library/html2pdf/html2fpdf.php on line 2244
[07-Apr-2016 10:19:15 UTC] PHP Stack trace:
[07-Apr-2016 10:19:15 UTC] PHP   1. {main}() /home/ubuntu/workspace/php/getPdf.php:0
[07-Apr-2016 10:19:15 UTC] PHP   2. HTML2FPDF->WriteHTML() /home/ubuntu/workspace/php/getPdf.php:9
[07-Apr-2016 10:19:15 UTC] PHP   3. HTML2FPDF->ReadCSS() /home/ubuntu/workspace/php/library/html2pdf/html2fpdf.php:343
[07-Apr-2016 10:19:15 UTC] PHP   4. preg_match() /home/ubuntu/workspace/php/library/html2pdf/html2fpdf.php:2244
[07-Apr-2016 10:19:15 UTC] PHP Warning:  strip_tags() expects parameter 1 to be string, array given in /home/ubuntu/workspace/php/library/html2pdf/html2fpdf.php on line 346
[07-Apr-2016 10:19:15 UTC] PHP Stack trace:
[07-Apr-2016 10:19:15 UTC] PHP   1. {main}() /home/ubuntu/workspace/php/getPdf.php:0
[07-Apr-2016 10:19:15 UTC] PHP   2. HTML2FPDF->WriteHTML() /home/ubuntu/workspace/php/getPdf.php:9
[07-Apr-2016 10:19:15 UTC] PHP   3. strip_tags() /home/ubuntu/workspace/php/library/html2pdf/html2fpdf.php:346
[07-Apr-2016 10:20:04 UTC] PHP Warning:  preg_match_all() expects parameter 2 to be string, array given in /home/ubuntu/workspace/php/library/html2pdf/html2fpdf.php on line 2144
[07-Apr-2016 10:20:04 UTC] PHP Stack trace:
[07-Apr-2016 10:20:04 UTC] PHP   1. {main}() /home/ubuntu/workspace/php/getPdf.php:0
[07-Apr-2016 10:20:04 UTC] PHP   2. HTML2FPDF->WriteHTML() /home/ubuntu/workspace/php/getPdf.php:9
[07-Apr-2016 10:20:04 UTC] PHP   3. HTML2FPDF->ReadMetaTags() /home/ubuntu/workspace/php/library/html2pdf/html2fpdf.php:341
[07-Apr-2016 10:20:04 UTC] PHP   4. preg_match_all() /home/ubuntu/workspace/php/library/html2pdf/html2fpdf.php:2144
[07-Apr-2016 10:20:04 UTC] PHP Warning:  preg_match_all() expects parameter 2 to be string, array given in /home/ubuntu/workspace/php/library/html2pdf/htmltoolkit.php on line 116
[07-Apr-2016 10:20:04 UTC] PHP Stack trace:
[07-Apr-2016 10:20:04 UTC] PHP   1. {main}() /home/ubuntu/workspace/php/getPdf.php:0
[07-Apr-2016 10:20:04 UTC] PHP   2. HTML2FPDF->WriteHTML() /home/ubuntu/workspace/php/getPdf.php:9
[07-Apr-2016 10:20:04 UTC] PHP   3. AdjustHTML() /home/ubuntu/workspace/php/library/html2pdf/html2fpdf.php:342
[07-Apr-2016 10:20:04 UTC] PHP   4. preg_match_all() /home/ubuntu/workspace/php/library/html2pdf/htmltoolkit.php:116
[07-Apr-2016 10:20:04 UTC] PHP Warning:  preg_match_all() expects parameter 2 to be string, array given in /home/ubuntu/workspace/php/library/html2pdf/htmltoolkit.php on line 119
[07-Apr-2016 10:20:04 UTC] PHP Stack trace:
[07-Apr-2016 10:20:04 UTC] PHP   1. {main}() /home/ubuntu/workspace/php/getPdf.php:0
[07-Apr-2016 10:20:04 UTC] PHP   2. HTML2FPDF->WriteHTML() /home/ubuntu/workspace/php/getPdf.php:9
[07-Apr-2016 10:20:04 UTC] PHP   3. AdjustHTML() /home/ubuntu/workspace/php/library/html2pdf/html2fpdf.php:342
[07-Apr-2016 10:20:04 UTC] PHP   4. preg_match_all() /home/ubuntu/workspace/php/library/html2pdf/htmltoolkit.php:119
[07-Apr-2016 10:20:04 UTC] PHP Warning:  preg_match_all() expects parameter 2 to be string, array given in /home/ubuntu/workspace/php/library/html2pdf/html2fpdf.php on line 2183
[07-Apr-2016 10:20:04 UTC] PHP Stack trace:
[07-Apr-2016 10:20:04 UTC] PHP   1. {main}() /home/ubuntu/workspace/php/getPdf.php:0
[07-Apr-2016 10:20:04 UTC] PHP   2. HTML2FPDF->WriteHTML() /home/ubuntu/workspace/php/getPdf.php:9
[07-Apr-2016 10:20:04 UTC] PHP   3. HTML2FPDF->ReadCSS() /home/ubuntu/workspace/php/library/html2pdf/html2fpdf.php:343
[07-Apr-2016 10:20:04 UTC] PHP   4. preg_match_all() /home/ubuntu/workspace/php/library/html2pdf/html2fpdf.php:2183
[07-Apr-2016 10:20:04 UTC] PHP Warning:  preg_match() expects parameter 2 to be string, array given in /home/ubuntu/workspace/php/library/html2pdf/html2fpdf.php on line 2244
[07-Apr-2016 10:20:04 UTC] PHP Stack trace:
[07-Apr-2016 10:20:04 UTC] PHP   1. {main}() /home/ubuntu/workspace/php/getPdf.php:0
[07-Apr-2016 10:20:04 UTC] PHP   2. HTML2FPDF->WriteHTML() /home/ubuntu/workspace/php/getPdf.php:9
[07-Apr-2016 10:20:04 UTC] PHP   3. HTML2FPDF->ReadCSS() /home/ubuntu/workspace/php/library/html2pdf/html2fpdf.php:343
[07-Apr-2016 10:20:04 UTC] PHP   4. preg_match() /home/ubuntu/workspace/php/library/html2pdf/html2fpdf.php:2244
[07-Apr-2016 10:20:04 UTC] PHP Warning:  strip_tags() expects parameter 1 to be string, array given in /home/ubuntu/workspace/php/library/html2pdf/html2fpdf.php on line 346
[07-Apr-2016 10:20:04 UTC] PHP Stack trace:
[07-Apr-2016 10:20:04 UTC] PHP   1. {main}() /home/ubuntu/workspace/php/getPdf.php:0
[07-Apr-2016 10:20:04 UTC] PHP   2. HTML2FPDF->WriteHTML() /home/ubuntu/workspace/php/getPdf.php:9
[07-Apr-2016 10:20:04 UTC] PHP   3. strip_tags() /home/ubuntu/workspace/php/library/html2pdf/html2fpdf.php:346
[07-Apr-2016 10:20:15 UTC] PHP Warning:  preg_match_all() expects parameter 2 to be string, array given in /home/ubuntu/workspace/php/library/html2pdf/html2fpdf.php on line 2144
[07-Apr-2016 10:20:15 UTC] PHP Stack trace:
[07-Apr-2016 10:20:15 UTC] PHP   1. {main}() /home/ubuntu/workspace/php/getPdf.php:0
[07-Apr-2016 10:20:15 UTC] PHP   2. HTML2FPDF->WriteHTML() /home/ubuntu/workspace/php/getPdf.php:9
[07-Apr-2016 10:20:15 UTC] PHP   3. HTML2FPDF->ReadMetaTags() /home/ubuntu/workspace/php/library/html2pdf/html2fpdf.php:341
[07-Apr-2016 10:20:15 UTC] PHP   4. preg_match_all() /home/ubuntu/workspace/php/library/html2pdf/html2fpdf.php:2144
[07-Apr-2016 10:20:15 UTC] PHP Warning:  preg_match_all() expects parameter 2 to be string, array given in /home/ubuntu/workspace/php/library/html2pdf/htmltoolkit.php on line 116
[07-Apr-2016 10:20:15 UTC] PHP Stack trace:
[07-Apr-2016 10:20:15 UTC] PHP   1. {main}() /home/ubuntu/workspace/php/getPdf.php:0
[07-Apr-2016 10:20:15 UTC] PHP   2. HTML2FPDF->WriteHTML() /home/ubuntu/workspace/php/getPdf.php:9
[07-Apr-2016 10:20:15 UTC] PHP   3. AdjustHTML() /home/ubuntu/workspace/php/library/html2pdf/html2fpdf.php:342
[07-Apr-2016 10:20:15 UTC] PHP   4. preg_match_all() /home/ubuntu/workspace/php/library/html2pdf/htmltoolkit.php:116
[07-Apr-2016 10:20:15 UTC] PHP Warning:  preg_match_all() expects parameter 2 to be string, array given in /home/ubuntu/workspace/php/library/html2pdf/htmltoolkit.php on line 119
[07-Apr-2016 10:20:15 UTC] PHP Stack trace:
[07-Apr-2016 10:20:15 UTC] PHP   1. {main}() /home/ubuntu/workspace/php/getPdf.php:0
[07-Apr-2016 10:20:15 UTC] PHP   2. HTML2FPDF->WriteHTML() /home/ubuntu/workspace/php/getPdf.php:9
[07-Apr-2016 10:20:15 UTC] PHP   3. AdjustHTML() /home/ubuntu/workspace/php/library/html2pdf/html2fpdf.php:342
[07-Apr-2016 10:20:15 UTC] PHP   4. preg_match_all() /home/ubuntu/workspace/php/library/html2pdf/htmltoolkit.php:119
[07-Apr-2016 10:20:15 UTC] PHP Warning:  preg_match_all() expects parameter 2 to be string, array given in /home/ubuntu/workspace/php/library/html2pdf/html2fpdf.php on line 2183
[07-Apr-2016 10:20:15 UTC] PHP Stack trace:
[07-Apr-2016 10:20:15 UTC] PHP   1. {main}() /home/ubuntu/workspace/php/getPdf.php:0
[07-Apr-2016 10:20:15 UTC] PHP   2. HTML2FPDF->WriteHTML() /home/ubuntu/workspace/php/getPdf.php:9
[07-Apr-2016 10:20:15 UTC] PHP   3. HTML2FPDF->ReadCSS() /home/ubuntu/workspace/php/library/html2pdf/html2fpdf.php:343
[07-Apr-2016 10:20:15 UTC] PHP   4. preg_match_all() /home/ubuntu/workspace/php/library/html2pdf/html2fpdf.php:2183
[07-Apr-2016 10:20:15 UTC] PHP Warning:  preg_match() expects parameter 2 to be string, array given in /home/ubuntu/workspace/php/library/html2pdf/html2fpdf.php on line 2244
[07-Apr-2016 10:20:15 UTC] PHP Stack trace:
[07-Apr-2016 10:20:15 UTC] PHP   1. {main}() /home/ubuntu/workspace/php/getPdf.php:0
[07-Apr-2016 10:20:15 UTC] PHP   2. HTML2FPDF->WriteHTML() /home/ubuntu/workspace/php/getPdf.php:9
[07-Apr-2016 10:20:15 UTC] PHP   3. HTML2FPDF->ReadCSS() /home/ubuntu/workspace/php/library/html2pdf/html2fpdf.php:343
[07-Apr-2016 10:20:15 UTC] PHP   4. preg_match() /home/ubuntu/workspace/php/library/html2pdf/html2fpdf.php:2244
[07-Apr-2016 10:20:15 UTC] PHP Warning:  strip_tags() expects parameter 1 to be string, array given in /home/ubuntu/workspace/php/library/html2pdf/html2fpdf.php on line 346
[07-Apr-2016 10:20:15 UTC] PHP Stack trace:
[07-Apr-2016 10:20:15 UTC] PHP   1. {main}() /home/ubuntu/workspace/php/getPdf.php:0
[07-Apr-2016 10:20:15 UTC] PHP   2. HTML2FPDF->WriteHTML() /home/ubuntu/workspace/php/getPdf.php:9
[07-Apr-2016 10:20:15 UTC] PHP   3. strip_tags() /home/ubuntu/workspace/php/library/html2pdf/html2fpdf.php:346
[07-Apr-2016 10:49:58 UTC] PHP Warning:  preg_match_all() expects parameter 2 to be string, array given in /home/ubuntu/workspace/php/library/html2pdf/html2fpdf.php on line 2144
[07-Apr-2016 10:49:58 UTC] PHP Stack trace:
[07-Apr-2016 10:49:58 UTC] PHP   1. {main}() /home/ubuntu/workspace/php/getPdf.php:0
[07-Apr-2016 10:49:58 UTC] PHP   2. HTML2FPDF->WriteHTML() /home/ubuntu/workspace/php/getPdf.php:9
[07-Apr-2016 10:49:58 UTC] PHP   3. HTML2FPDF->ReadMetaTags() /home/ubuntu/workspace/php/library/html2pdf/html2fpdf.php:341
[07-Apr-2016 10:49:58 UTC] PHP   4. preg_match_all() /home/ubuntu/workspace/php/library/html2pdf/html2fpdf.php:2144
[07-Apr-2016 10:49:58 UTC] PHP Warning:  preg_match_all() expects parameter 2 to be string, array given in /home/ubuntu/workspace/php/library/html2pdf/htmltoolkit.php on line 116
[07-Apr-2016 10:49:58 UTC] PHP Stack trace:
[07-Apr-2016 10:49:58 UTC] PHP   1. {main}() /home/ubuntu/workspace/php/getPdf.php:0
[07-Apr-2016 10:49:58 UTC] PHP   2. HTML2FPDF->WriteHTML() /home/ubuntu/workspace/php/getPdf.php:9
[07-Apr-2016 10:49:58 UTC] PHP   3. AdjustHTML() /home/ubuntu/workspace/php/library/html2pdf/html2fpdf.php:342
[07-Apr-2016 10:49:58 UTC] PHP   4. preg_match_all() /home/ubuntu/workspace/php/library/html2pdf/htmltoolkit.php:116
[07-Apr-2016 10:49:58 UTC] PHP Warning:  preg_match_all() expects parameter 2 to be string, array given in /home/ubuntu/workspace/php/library/html2pdf/htmltoolkit.php on line 119
[07-Apr-2016 10:49:58 UTC] PHP Stack trace:
[07-Apr-2016 10:49:58 UTC] PHP   1. {main}() /home/ubuntu/workspace/php/getPdf.php:0
[07-Apr-2016 10:49:58 UTC] PHP   2. HTML2FPDF->WriteHTML() /home/ubuntu/workspace/php/getPdf.php:9
[07-Apr-2016 10:49:58 UTC] PHP   3. AdjustHTML() /home/ubuntu/workspace/php/library/html2pdf/html2fpdf.php:342
[07-Apr-2016 10:49:58 UTC] PHP   4. preg_match_all() /home/ubuntu/workspace/php/library/html2pdf/htmltoolkit.php:119
[07-Apr-2016 10:49:58 UTC] PHP Warning:  preg_match_all() expects parameter 2 to be string, array given in /home/ubuntu/workspace/php/library/html2pdf/html2fpdf.php on line 2183
[07-Apr-2016 10:49:58 UTC] PHP Stack trace:
[07-Apr-2016 10:49:58 UTC] PHP   1. {main}() /home/ubuntu/workspace/php/getPdf.php:0
[07-Apr-2016 10:49:58 UTC] PHP   2. HTML2FPDF->WriteHTML() /home/ubuntu/workspace/php/getPdf.php:9
[07-Apr-2016 10:49:58 UTC] PHP   3. HTML2FPDF->ReadCSS() /home/ubuntu/workspace/php/library/html2pdf/html2fpdf.php:343
[07-Apr-2016 10:49:58 UTC] PHP   4. preg_match_all() /home/ubuntu/workspace/php/library/html2pdf/html2fpdf.php:2183
[07-Apr-2016 10:49:58 UTC] PHP Warning:  preg_match() expects parameter 2 to be string, array given in /home/ubuntu/workspace/php/library/html2pdf/html2fpdf.php on line 2244
[07-Apr-2016 10:49:58 UTC] PHP Stack trace:
[07-Apr-2016 10:49:58 UTC] PHP   1. {main}() /home/ubuntu/workspace/php/getPdf.php:0
[07-Apr-2016 10:49:58 UTC] PHP   2. HTML2FPDF->WriteHTML() /home/ubuntu/workspace/php/getPdf.php:9
[07-Apr-2016 10:49:58 UTC] PHP   3. HTML2FPDF->ReadCSS() /home/ubuntu/workspace/php/library/html2pdf/html2fpdf.php:343
[07-Apr-2016 10:49:58 UTC] PHP   4. preg_match() /home/ubuntu/workspace/php/library/html2pdf/html2fpdf.php:2244
[07-Apr-2016 10:49:58 UTC] PHP Warning:  strip_tags() expects parameter 1 to be string, array given in /home/ubuntu/workspace/php/library/html2pdf/html2fpdf.php on line 346
[07-Apr-2016 10:49:58 UTC] PHP Stack trace:
[07-Apr-2016 10:49:58 UTC] PHP   1. {main}() /home/ubuntu/workspace/php/getPdf.php:0
[07-Apr-2016 10:49:58 UTC] PHP   2. HTML2FPDF->WriteHTML() /home/ubuntu/workspace/php/getPdf.php:9
[07-Apr-2016 10:49:58 UTC] PHP   3. strip_tags() /home/ubuntu/workspace/php/library/html2pdf/html2fpdf.php:346
[07-Apr-2016 10:50:21 UTC] PHP Warning:  preg_match_all() expects parameter 2 to be string, array given in /home/ubuntu/workspace/php/library/html2pdf/html2fpdf.php on line 2144
[07-Apr-2016 10:50:21 UTC] PHP Stack trace:
[07-Apr-2016 10:50:21 UTC] PHP   1. {main}() /home/ubuntu/workspace/php/getPdf.php:0
[07-Apr-2016 10:50:21 UTC] PHP   2. HTML2FPDF->WriteHTML() /home/ubuntu/workspace/php/getPdf.php:9
[07-Apr-2016 10:50:21 UTC] PHP   3. HTML2FPDF->ReadMetaTags() /home/ubuntu/workspace/php/library/html2pdf/html2fpdf.php:341
[07-Apr-2016 10:50:21 UTC] PHP   4. preg_match_all() /home/ubuntu/workspace/php/library/html2pdf/html2fpdf.php:2144
[07-Apr-2016 10:50:21 UTC] PHP Warning:  preg_match_all() expects parameter 2 to be string, array given in /home/ubuntu/workspace/php/library/html2pdf/htmltoolkit.php on line 116
[07-Apr-2016 10:50:21 UTC] PHP Stack trace:
[07-Apr-2016 10:50:21 UTC] PHP   1. {main}() /home/ubuntu/workspace/php/getPdf.php:0
[07-Apr-2016 10:50:21 UTC] PHP   2. HTML2FPDF->WriteHTML() /home/ubuntu/workspace/php/getPdf.php:9
[07-Apr-2016 10:50:21 UTC] PHP   3. AdjustHTML() /home/ubuntu/workspace/php/library/html2pdf/html2fpdf.php:342
[07-Apr-2016 10:50:21 UTC] PHP   4. preg_match_all() /home/ubuntu/workspace/php/library/html2pdf/htmltoolkit.php:116
[07-Apr-2016 10:50:21 UTC] PHP Warning:  preg_match_all() expects parameter 2 to be string, array given in /home/ubuntu/workspace/php/library/html2pdf/htmltoolkit.php on line 119
[07-Apr-2016 10:50:21 UTC] PHP Stack trace:
[07-Apr-2016 10:50:21 UTC] PHP   1. {main}() /home/ubuntu/workspace/php/getPdf.php:0
[07-Apr-2016 10:50:21 UTC] PHP   2. HTML2FPDF->WriteHTML() /home/ubuntu/workspace/php/getPdf.php:9
[07-Apr-2016 10:50:21 UTC] PHP   3. AdjustHTML() /home/ubuntu/workspace/php/library/html2pdf/html2fpdf.php:342
[07-Apr-2016 10:50:21 UTC] PHP   4. preg_match_all() /home/ubuntu/workspace/php/library/html2pdf/htmltoolkit.php:119
[07-Apr-2016 10:50:21 UTC] PHP Warning:  preg_match_all() expects parameter 2 to be string, array given in /home/ubuntu/workspace/php/library/html2pdf/html2fpdf.php on line 2183
[07-Apr-2016 10:50:21 UTC] PHP Stack trace:
[07-Apr-2016 10:50:21 UTC] PHP   1. {main}() /home/ubuntu/workspace/php/getPdf.php:0
[07-Apr-2016 10:50:21 UTC] PHP   2. HTML2FPDF->WriteHTML() /home/ubuntu/workspace/php/getPdf.php:9
[07-Apr-2016 10:50:21 UTC] PHP   3. HTML2FPDF->ReadCSS() /home/ubuntu/workspace/php/library/html2pdf/html2fpdf.php:343
[07-Apr-2016 10:50:21 UTC] PHP   4. preg_match_all() /home/ubuntu/workspace/php/library/html2pdf/html2fpdf.php:2183
[07-Apr-2016 10:50:21 UTC] PHP Warning:  preg_match() expects parameter 2 to be string, array given in /home/ubuntu/workspace/php/library/html2pdf/html2fpdf.php on line 2244
[07-Apr-2016 10:50:21 UTC] PHP Stack trace:
[07-Apr-2016 10:50:21 UTC] PHP   1. {main}() /home/ubuntu/workspace/php/getPdf.php:0
[07-Apr-2016 10:50:21 UTC] PHP   2. HTML2FPDF->WriteHTML() /home/ubuntu/workspace/php/getPdf.php:9
[07-Apr-2016 10:50:21 UTC] PHP   3. HTML2FPDF->ReadCSS() /home/ubuntu/workspace/php/library/html2pdf/html2fpdf.php:343
[07-Apr-2016 10:50:21 UTC] PHP   4. preg_match() /home/ubuntu/workspace/php/library/html2pdf/html2fpdf.php:2244
[07-Apr-2016 10:50:21 UTC] PHP Warning:  strip_tags() expects parameter 1 to be string, array given in /home/ubuntu/workspace/php/library/html2pdf/html2fpdf.php on line 346
[07-Apr-2016 10:50:21 UTC] PHP Stack trace:
[07-Apr-2016 10:50:21 UTC] PHP   1. {main}() /home/ubuntu/workspace/php/getPdf.php:0
[07-Apr-2016 10:50:21 UTC] PHP   2. HTML2FPDF->WriteHTML() /home/ubuntu/workspace/php/getPdf.php:9
[07-Apr-2016 10:50:21 UTC] PHP   3. strip_tags() /home/ubuntu/workspace/php/library/html2pdf/html2fpdf.php:346
[07-Apr-2016 10:50:30 UTC] PHP Warning:  preg_match_all() expects parameter 2 to be string, array given in /home/ubuntu/workspace/php/library/html2pdf/html2fpdf.php on line 2144
[07-Apr-2016 10:50:30 UTC] PHP Stack trace:
[07-Apr-2016 10:50:30 UTC] PHP   1. {main}() /home/ubuntu/workspace/php/getPdf.php:0
[07-Apr-2016 10:50:30 UTC] PHP   2. HTML2FPDF->WriteHTML() /home/ubuntu/workspace/php/getPdf.php:9
[07-Apr-2016 10:50:30 UTC] PHP   3. HTML2FPDF->ReadMetaTags() /home/ubuntu/workspace/php/library/html2pdf/html2fpdf.php:341
[07-Apr-2016 10:50:30 UTC] PHP   4. preg_match_all() /home/ubuntu/workspace/php/library/html2pdf/html2fpdf.php:2144
[07-Apr-2016 10:50:30 UTC] PHP Warning:  preg_match_all() expects parameter 2 to be string, array given in /home/ubuntu/workspace/php/library/html2pdf/htmltoolkit.php on line 116
[07-Apr-2016 10:50:30 UTC] PHP Stack trace:
[07-Apr-2016 10:50:30 UTC] PHP   1. {main}() /home/ubuntu/workspace/php/getPdf.php:0
[07-Apr-2016 10:50:30 UTC] PHP   2. HTML2FPDF->WriteHTML() /home/ubuntu/workspace/php/getPdf.php:9
[07-Apr-2016 10:50:30 UTC] PHP   3. AdjustHTML() /home/ubuntu/workspace/php/library/html2pdf/html2fpdf.php:342
[07-Apr-2016 10:50:30 UTC] PHP   4. preg_match_all() /home/ubuntu/workspace/php/library/html2pdf/htmltoolkit.php:116
[07-Apr-2016 10:50:30 UTC] PHP Warning:  preg_match_all() expects parameter 2 to be string, array given in /home/ubuntu/workspace/php/library/html2pdf/htmltoolkit.php on line 119
[07-Apr-2016 10:50:30 UTC] PHP Stack trace:
[07-Apr-2016 10:50:30 UTC] PHP   1. {main}() /home/ubuntu/workspace/php/getPdf.php:0
[07-Apr-2016 10:50:30 UTC] PHP   2. HTML2FPDF->WriteHTML() /home/ubuntu/workspace/php/getPdf.php:9
[07-Apr-2016 10:50:30 UTC] PHP   3. AdjustHTML() /home/ubuntu/workspace/php/library/html2pdf/html2fpdf.php:342
[07-Apr-2016 10:50:30 UTC] PHP   4. preg_match_all() /home/ubuntu/workspace/php/library/html2pdf/htmltoolkit.php:119
[07-Apr-2016 10:50:30 UTC] PHP Warning:  preg_match_all() expects parameter 2 to be string, array given in /home/ubuntu/workspace/php/library/html2pdf/html2fpdf.php on line 2183
[07-Apr-2016 10:50:30 UTC] PHP Stack trace:
[07-Apr-2016 10:50:30 UTC] PHP   1. {main}() /home/ubuntu/workspace/php/getPdf.php:0
[07-Apr-2016 10:50:30 UTC] PHP   2. HTML2FPDF->WriteHTML() /home/ubuntu/workspace/php/getPdf.php:9
[07-Apr-2016 10:50:30 UTC] PHP   3. HTML2FPDF->ReadCSS() /home/ubuntu/workspace/php/library/html2pdf/html2fpdf.php:343
[07-Apr-2016 10:50:30 UTC] PHP   4. preg_match_all() /home/ubuntu/workspace/php/library/html2pdf/html2fpdf.php:2183
[07-Apr-2016 10:50:30 UTC] PHP Warning:  preg_match() expects parameter 2 to be string, array given in /home/ubuntu/workspace/php/library/html2pdf/html2fpdf.php on line 2244
[07-Apr-2016 10:50:30 UTC] PHP Stack trace:
[07-Apr-2016 10:50:30 UTC] PHP   1. {main}() /home/ubuntu/workspace/php/getPdf.php:0
[07-Apr-2016 10:50:30 UTC] PHP   2. HTML2FPDF->WriteHTML() /home/ubuntu/workspace/php/getPdf.php:9
[07-Apr-2016 10:50:30 UTC] PHP   3. HTML2FPDF->ReadCSS() /home/ubuntu/workspace/php/library/html2pdf/html2fpdf.php:343
[07-Apr-2016 10:50:30 UTC] PHP   4. preg_match() /home/ubuntu/workspace/php/library/html2pdf/html2fpdf.php:2244
[07-Apr-2016 10:50:30 UTC] PHP Warning:  strip_tags() expects parameter 1 to be string, array given in /home/ubuntu/workspace/php/library/html2pdf/html2fpdf.php on line 346
[07-Apr-2016 10:50:30 UTC] PHP Stack trace:
[07-Apr-2016 10:50:30 UTC] PHP   1. {main}() /home/ubuntu/workspace/php/getPdf.php:0
[07-Apr-2016 10:50:30 UTC] PHP   2. HTML2FPDF->WriteHTML() /home/ubuntu/workspace/php/getPdf.php:9
[07-Apr-2016 10:50:30 UTC] PHP   3. strip_tags() /home/ubuntu/workspace/php/library/html2pdf/html2fpdf.php:346
[07-Apr-2016 10:50:54 UTC] PHP Warning:  preg_match_all() expects parameter 2 to be string, array given in /home/ubuntu/workspace/php/library/html2pdf/html2fpdf.php on line 2144
[07-Apr-2016 10:50:54 UTC] PHP Stack trace:
[07-Apr-2016 10:50:54 UTC] PHP   1. {main}() /home/ubuntu/workspace/php/getPdf.php:0
[07-Apr-2016 10:50:54 UTC] PHP   2. HTML2FPDF->WriteHTML() /home/ubuntu/workspace/php/getPdf.php:9
[07-Apr-2016 10:50:54 UTC] PHP   3. HTML2FPDF->ReadMetaTags() /home/ubuntu/workspace/php/library/html2pdf/html2fpdf.php:341
[07-Apr-2016 10:50:54 UTC] PHP   4. preg_match_all() /home/ubuntu/workspace/php/library/html2pdf/html2fpdf.php:2144
[07-Apr-2016 10:50:54 UTC] PHP Warning:  preg_match_all() expects parameter 2 to be string, array given in /home/ubuntu/workspace/php/library/html2pdf/htmltoolkit.php on line 116
[07-Apr-2016 10:50:54 UTC] PHP Stack trace:
[07-Apr-2016 10:50:54 UTC] PHP   1. {main}() /home/ubuntu/workspace/php/getPdf.php:0
[07-Apr-2016 10:50:54 UTC] PHP   2. HTML2FPDF->WriteHTML() /home/ubuntu/workspace/php/getPdf.php:9
[07-Apr-2016 10:50:54 UTC] PHP   3. AdjustHTML() /home/ubuntu/workspace/php/library/html2pdf/html2fpdf.php:342
[07-Apr-2016 10:50:54 UTC] PHP   4. preg_match_all() /home/ubuntu/workspace/php/library/html2pdf/htmltoolkit.php:116
[07-Apr-2016 10:50:54 UTC] PHP Warning:  preg_match_all() expects parameter 2 to be string, array given in /home/ubuntu/workspace/php/library/html2pdf/htmltoolkit.php on line 119
[07-Apr-2016 10:50:54 UTC] PHP Stack trace:
[07-Apr-2016 10:50:54 UTC] PHP   1. {main}() /home/ubuntu/workspace/php/getPdf.php:0
[07-Apr-2016 10:50:54 UTC] PHP   2. HTML2FPDF->WriteHTML() /home/ubuntu/workspace/php/getPdf.php:9
[07-Apr-2016 10:50:54 UTC] PHP   3. AdjustHTML() /home/ubuntu/workspace/php/library/html2pdf/html2fpdf.php:342
[07-Apr-2016 10:50:54 UTC] PHP   4. preg_match_all() /home/ubuntu/workspace/php/library/html2pdf/htmltoolkit.php:119
[07-Apr-2016 10:50:54 UTC] PHP Warning:  preg_match_all() expects parameter 2 to be string, array given in /home/ubuntu/workspace/php/library/html2pdf/html2fpdf.php on line 2183
[07-Apr-2016 10:50:54 UTC] PHP Stack trace:
[07-Apr-2016 10:50:54 UTC] PHP   1. {main}() /home/ubuntu/workspace/php/getPdf.php:0
[07-Apr-2016 10:50:54 UTC] PHP   2. HTML2FPDF->WriteHTML() /home/ubuntu/workspace/php/getPdf.php:9
[07-Apr-2016 10:50:54 UTC] PHP   3. HTML2FPDF->ReadCSS() /home/ubuntu/workspace/php/library/html2pdf/html2fpdf.php:343
[07-Apr-2016 10:50:54 UTC] PHP   4. preg_match_all() /home/ubuntu/workspace/php/library/html2pdf/html2fpdf.php:2183
[07-Apr-2016 10:50:54 UTC] PHP Warning:  preg_match() expects parameter 2 to be string, array given in /home/ubuntu/workspace/php/library/html2pdf/html2fpdf.php on line 2244
[07-Apr-2016 10:50:54 UTC] PHP Stack trace:
[07-Apr-2016 10:50:54 UTC] PHP   1. {main}() /home/ubuntu/workspace/php/getPdf.php:0
[07-Apr-2016 10:50:54 UTC] PHP   2. HTML2FPDF->WriteHTML() /home/ubuntu/workspace/php/getPdf.php:9
[07-Apr-2016 10:50:54 UTC] PHP   3. HTML2FPDF->ReadCSS() /home/ubuntu/workspace/php/library/html2pdf/html2fpdf.php:343
[07-Apr-2016 10:50:54 UTC] PHP   4. preg_match() /home/ubuntu/workspace/php/library/html2pdf/html2fpdf.php:2244
[07-Apr-2016 10:50:54 UTC] PHP Warning:  strip_tags() expects parameter 1 to be string, array given in /home/ubuntu/workspace/php/library/html2pdf/html2fpdf.php on line 346
[07-Apr-2016 10:50:54 UTC] PHP Stack trace:
[07-Apr-2016 10:50:54 UTC] PHP   1. {main}() /home/ubuntu/workspace/php/getPdf.php:0
[07-Apr-2016 10:50:54 UTC] PHP   2. HTML2FPDF->WriteHTML() /home/ubuntu/workspace/php/getPdf.php:9
[07-Apr-2016 10:50:54 UTC] PHP   3. strip_tags() /home/ubuntu/workspace/php/library/html2pdf/html2fpdf.php:346
[07-Apr-2016 10:51:21 UTC] PHP Warning:  preg_match_all() expects parameter 2 to be string, array given in /home/ubuntu/workspace/php/library/html2pdf/html2fpdf.php on line 2144
[07-Apr-2016 10:51:21 UTC] PHP Stack trace:
[07-Apr-2016 10:51:21 UTC] PHP   1. {main}() /home/ubuntu/workspace/php/getPdf.php:0
[07-Apr-2016 10:51:21 UTC] PHP   2. HTML2FPDF->WriteHTML() /home/ubuntu/workspace/php/getPdf.php:9
[07-Apr-2016 10:51:21 UTC] PHP   3. HTML2FPDF->ReadMetaTags() /home/ubuntu/workspace/php/library/html2pdf/html2fpdf.php:341
[07-Apr-2016 10:51:21 UTC] PHP   4. preg_match_all() /home/ubuntu/workspace/php/library/html2pdf/html2fpdf.php:2144
[07-Apr-2016 10:51:21 UTC] PHP Warning:  preg_match_all() expects parameter 2 to be string, array given in /home/ubuntu/workspace/php/library/html2pdf/htmltoolkit.php on line 116
[07-Apr-2016 10:51:21 UTC] PHP Stack trace:
[07-Apr-2016 10:51:21 UTC] PHP   1. {main}() /home/ubuntu/workspace/php/getPdf.php:0
[07-Apr-2016 10:51:21 UTC] PHP   2. HTML2FPDF->WriteHTML() /home/ubuntu/workspace/php/getPdf.php:9
[07-Apr-2016 10:51:21 UTC] PHP   3. AdjustHTML() /home/ubuntu/workspace/php/library/html2pdf/html2fpdf.php:342
[07-Apr-2016 10:51:21 UTC] PHP   4. preg_match_all() /home/ubuntu/workspace/php/library/html2pdf/htmltoolkit.php:116
[07-Apr-2016 10:51:21 UTC] PHP Warning:  preg_match_all() expects parameter 2 to be string, array given in /home/ubuntu/workspace/php/library/html2pdf/htmltoolkit.php on line 119
[07-Apr-2016 10:51:21 UTC] PHP Stack trace:
[07-Apr-2016 10:51:21 UTC] PHP   1. {main}() /home/ubuntu/workspace/php/getPdf.php:0
[07-Apr-2016 10:51:21 UTC] PHP   2. HTML2FPDF->WriteHTML() /home/ubuntu/workspace/php/getPdf.php:9
[07-Apr-2016 10:51:21 UTC] PHP   3. AdjustHTML() /home/ubuntu/workspace/php/library/html2pdf/html2fpdf.php:342
[07-Apr-2016 10:51:21 UTC] PHP   4. preg_match_all() /home/ubuntu/workspace/php/library/html2pdf/htmltoolkit.php:119
[07-Apr-2016 10:51:21 UTC] PHP Warning:  preg_match_all() expects parameter 2 to be string, array given in /home/ubuntu/workspace/php/library/html2pdf/html2fpdf.php on line 2183
[07-Apr-2016 10:51:21 UTC] PHP Stack trace:
[07-Apr-2016 10:51:21 UTC] PHP   1. {main}() /home/ubuntu/workspace/php/getPdf.php:0
[07-Apr-2016 10:51:21 UTC] PHP   2. HTML2FPDF->WriteHTML() /home/ubuntu/workspace/php/getPdf.php:9
[07-Apr-2016 10:51:21 UTC] PHP   3. HTML2FPDF->ReadCSS() /home/ubuntu/workspace/php/library/html2pdf/html2fpdf.php:343
[07-Apr-2016 10:51:21 UTC] PHP   4. preg_match_all() /home/ubuntu/workspace/php/library/html2pdf/html2fpdf.php:2183
[07-Apr-2016 10:51:21 UTC] PHP Warning:  preg_match() expects parameter 2 to be string, array given in /home/ubuntu/workspace/php/library/html2pdf/html2fpdf.php on line 2244
[07-Apr-2016 10:51:21 UTC] PHP Stack trace:
[07-Apr-2016 10:51:21 UTC] PHP   1. {main}() /home/ubuntu/workspace/php/getPdf.php:0
[07-Apr-2016 10:51:21 UTC] PHP   2. HTML2FPDF->WriteHTML() /home/ubuntu/workspace/php/getPdf.php:9
[07-Apr-2016 10:51:21 UTC] PHP   3. HTML2FPDF->ReadCSS() /home/ubuntu/workspace/php/library/html2pdf/html2fpdf.php:343
[07-Apr-2016 10:51:21 UTC] PHP   4. preg_match() /home/ubuntu/workspace/php/library/html2pdf/html2fpdf.php:2244
[07-Apr-2016 10:51:21 UTC] PHP Warning:  strip_tags() expects parameter 1 to be string, array given in /home/ubuntu/workspace/php/library/html2pdf/html2fpdf.php on line 346
[07-Apr-2016 10:51:21 UTC] PHP Stack trace:
[07-Apr-2016 10:51:21 UTC] PHP   1. {main}() /home/ubuntu/workspace/php/getPdf.php:0
[07-Apr-2016 10:51:21 UTC] PHP   2. HTML2FPDF->WriteHTML() /home/ubuntu/workspace/php/getPdf.php:9
[07-Apr-2016 10:51:21 UTC] PHP   3. strip_tags() /home/ubuntu/workspace/php/library/html2pdf/html2fpdf.php:346
[07-Apr-2016 10:51:35 UTC] PHP Warning:  preg_match_all() expects parameter 2 to be string, array given in /home/ubuntu/workspace/php/library/html2pdf/html2fpdf.php on line 2144
[07-Apr-2016 10:51:35 UTC] PHP Stack trace:
[07-Apr-2016 10:51:35 UTC] PHP   1. {main}() /home/ubuntu/workspace/php/getPdf.php:0
[07-Apr-2016 10:51:35 UTC] PHP   2. HTML2FPDF->WriteHTML() /home/ubuntu/workspace/php/getPdf.php:9
[07-Apr-2016 10:51:35 UTC] PHP   3. HTML2FPDF->ReadMetaTags() /home/ubuntu/workspace/php/library/html2pdf/html2fpdf.php:341
[07-Apr-2016 10:51:35 UTC] PHP   4. preg_match_all() /home/ubuntu/workspace/php/library/html2pdf/html2fpdf.php:2144
[07-Apr-2016 10:51:35 UTC] PHP Warning:  preg_match_all() expects parameter 2 to be string, array given in /home/ubuntu/workspace/php/library/html2pdf/htmltoolkit.php on line 116
[07-Apr-2016 10:51:35 UTC] PHP Stack trace:
[07-Apr-2016 10:51:35 UTC] PHP   1. {main}() /home/ubuntu/workspace/php/getPdf.php:0
[07-Apr-2016 10:51:35 UTC] PHP   2. HTML2FPDF->WriteHTML() /home/ubuntu/workspace/php/getPdf.php:9
[07-Apr-2016 10:51:35 UTC] PHP   3. AdjustHTML() /home/ubuntu/workspace/php/library/html2pdf/html2fpdf.php:342
[07-Apr-2016 10:51:35 UTC] PHP   4. preg_match_all() /home/ubuntu/workspace/php/library/html2pdf/htmltoolkit.php:116
[07-Apr-2016 10:51:35 UTC] PHP Warning:  preg_match_all() expects parameter 2 to be string, array given in /home/ubuntu/workspace/php/library/html2pdf/htmltoolkit.php on line 119
[07-Apr-2016 10:51:35 UTC] PHP Stack trace:
[07-Apr-2016 10:51:35 UTC] PHP   1. {main}() /home/ubuntu/workspace/php/getPdf.php:0
[07-Apr-2016 10:51:35 UTC] PHP   2. HTML2FPDF->WriteHTML() /home/ubuntu/workspace/php/getPdf.php:9
[07-Apr-2016 10:51:35 UTC] PHP   3. AdjustHTML() /home/ubuntu/workspace/php/library/html2pdf/html2fpdf.php:342
[07-Apr-2016 10:51:35 UTC] PHP   4. preg_match_all() /home/ubuntu/workspace/php/library/html2pdf/htmltoolkit.php:119
[07-Apr-2016 10:51:35 UTC] PHP Warning:  preg_match_all() expects parameter 2 to be string, array given in /home/ubuntu/workspace/php/library/html2pdf/html2fpdf.php on line 2183
[07-Apr-2016 10:51:35 UTC] PHP Stack trace:
[07-Apr-2016 10:51:35 UTC] PHP   1. {main}() /home/ubuntu/workspace/php/getPdf.php:0
[07-Apr-2016 10:51:35 UTC] PHP   2. HTML2FPDF->WriteHTML() /home/ubuntu/workspace/php/getPdf.php:9
[07-Apr-2016 10:51:35 UTC] PHP   3. HTML2FPDF->ReadCSS() /home/ubuntu/workspace/php/library/html2pdf/html2fpdf.php:343
[07-Apr-2016 10:51:35 UTC] PHP   4. preg_match_all() /home/ubuntu/workspace/php/library/html2pdf/html2fpdf.php:2183
[07-Apr-2016 10:51:35 UTC] PHP Warning:  preg_match() expects parameter 2 to be string, array given in /home/ubuntu/workspace/php/library/html2pdf/html2fpdf.php on line 2244
[07-Apr-2016 10:51:35 UTC] PHP Stack trace:
[07-Apr-2016 10:51:35 UTC] PHP   1. {main}() /home/ubuntu/workspace/php/getPdf.php:0
[07-Apr-2016 10:51:35 UTC] PHP   2. HTML2FPDF->WriteHTML() /home/ubuntu/workspace/php/getPdf.php:9
[07-Apr-2016 10:51:35 UTC] PHP   3. HTML2FPDF->ReadCSS() /home/ubuntu/workspace/php/library/html2pdf/html2fpdf.php:343
[07-Apr-2016 10:51:35 UTC] PHP   4. preg_match() /home/ubuntu/workspace/php/library/html2pdf/html2fpdf.php:2244
[07-Apr-2016 10:51:35 UTC] PHP Warning:  strip_tags() expects parameter 1 to be string, array given in /home/ubuntu/workspace/php/library/html2pdf/html2fpdf.php on line 346
[07-Apr-2016 10:51:35 UTC] PHP Stack trace:
[07-Apr-2016 10:51:35 UTC] PHP   1. {main}() /home/ubuntu/workspace/php/getPdf.php:0
[07-Apr-2016 10:51:35 UTC] PHP   2. HTML2FPDF->WriteHTML() /home/ubuntu/workspace/php/getPdf.php:9
[07-Apr-2016 10:51:35 UTC] PHP   3. strip_tags() /home/ubuntu/workspace/php/library/html2pdf/html2fpdf.php:346
[07-Apr-2016 10:59:38 UTC] PHP Warning:  html_entity_decode() expects parameter 1 to be string, array given in /home/ubuntu/workspace/php/getPdf.php on line 3
[07-Apr-2016 10:59:38 UTC] PHP Stack trace:
[07-Apr-2016 10:59:38 UTC] PHP   1. {main}() /home/ubuntu/workspace/php/getPdf.php:0
[07-Apr-2016 10:59:38 UTC] PHP   2. html_entity_decode() /home/ubuntu/workspace/php/getPdf.php:3
[07-Apr-2016 11:00:28 UTC] PHP Warning:  json_decode() expects parameter 1 to be string, array given in /home/ubuntu/workspace/php/getPdf.php on line 3
[07-Apr-2016 11:00:28 UTC] PHP Stack trace:
[07-Apr-2016 11:00:28 UTC] PHP   1. {main}() /home/ubuntu/workspace/php/getPdf.php:0
[07-Apr-2016 11:00:28 UTC] PHP   2. json_decode() /home/ubuntu/workspace/php/getPdf.php:3
